<?xml version="1.0" encoding="UTF-8"?>
<testng-results skipped="0" failed="0" total="1" passed="1">
  <reporter-output>
  </reporter-output>
  <suite name="Default suite" duration-ms="15303" started-at="2021-04-05T05:46:27Z" finished-at="2021-04-05T05:46:42Z">
    <groups>
    </groups>
    <test name="Default test" duration-ms="15303" started-at="2021-04-05T05:46:27Z" finished-at="2021-04-05T05:46:42Z">
      <class name="DriverFactory.AppTest">
        <test-method status="PASS" signature="Erp_Stock()[pri:0, instance:DriverFactory.AppTest@cb5822]" name="Erp_Stock" duration-ms="15289" started-at="2021-04-05T11:16:27Z" finished-at="2021-04-05T11:16:42Z">
          <reporter-output>
          </reporter-output>
        </test-method> <!-- Erp_Stock -->
      </class> <!-- DriverFactory.AppTest -->
    </test> <!-- Default test -->
  </suite> <!-- Default suite -->
</testng-results>
